[03-Apr-2025 11:02:32 UTC] Login attempt - POST data: Array
(
    [email] => test@example.com
    [password] => password
    [csrf_token] => 9b3c83bbe0d1a9eaf8307bed7625d23065b7f09a6a7c566dfb96c00385cb9cc9
    [action] => login
)

[03-Apr-2025 11:02:32 UTC] User data: 
[03-Apr-2025 11:02:32 UTC] Login error: Invalid email or password
[2025-04-03 11:02:32] ERROR: Login error: Invalid email or password 
[03-Apr-2025 11:03:26 UTC] Login attempt - POST data: Array
(
    [email] => test@example.com
    [password] => password123
    [csrf_token] => 9b3c83bbe0d1a9eaf8307bed7625d23065b7f09a6a7c566dfb96c00385cb9cc9
    [action] => login
)

[03-Apr-2025 11:03:26 UTC] User data: Array
(
    [user_id] => 3
    [username] => testuser
    [name] => Test User
    [email] => test@example.com
    [role] => user
    [status] => active
    [reset_token] => 
    [reset_expires] => 
    [last_login] => 
    [created_at] => 2025-04-03 12:03:18
    [updated_at] => 2025-04-03 12:03:18
)

[03-Apr-2025 11:03:26 UTC] Session data: Array
(
    [user_id] => 3
    [user_name] => Test User
    [user_role] => user
)

[03-Apr-2025 11:03:41 UTC] PHP Notice:  session_start(): Ignoring session_start() because a session is already active (started from /var/www/html/garden-sensors/public/config.php on line 9) in /var/www/html/garden-sensors/public/get_tab_data.php on line 7
[03-Apr-2025 11:07:57 UTC] PHP Notice:  session_start(): Ignoring session_start() because a session is already active (started from /var/www/html/garden-sensors/public/config.php on line 9) in /var/www/html/garden-sensors/public/get_sensors.php on line 7
